* using log directory ‘/Users/f64k1s8/Documents/Other/tidyRSS/revdep/checks.noindex/newscatcheR/new/newscatcheR.Rcheck’
* using R version 4.0.0 (2020-04-24)
* using platform: x86_64-apple-darwin17.0 (64-bit)
* using session charset: UTF-8
* using options ‘--no-manual --no-build-vignettes’
* checking for file ‘newscatcheR/DESCRIPTION’ ... OK
* this is package ‘newscatcheR’ version ‘0.0.1’
* package encoding: UTF-8
* checking package namespace information ... OK
* checking package dependencies ... OK
* checking if this is a source package ... OK
* checking if there is a namespace ... OK
* checking for executable files ... OK
* checking for hidden files and directories ... OK
* checking for portable file names ... OK
* checking for sufficient/correct file permissions ... OK
* checking whether package ‘newscatcheR’ can be installed ... ERROR
Installation failed.
See ‘/Users/f64k1s8/Documents/Other/tidyRSS/revdep/checks.noindex/newscatcheR/new/newscatcheR.Rcheck/00install.out’ for details.
* DONE
Status: 1 ERROR
